[2022-06-08 10:27:50,402] {taskinstance.py:1159} INFO - Dependencies all met for <TaskInstance: CSV_TO_DS.SEND_DS_ft_balance_f manual__2022-06-08T10:27:47.100911+00:00 [queued]>
[2022-06-08 10:27:50,418] {taskinstance.py:1159} INFO - Dependencies all met for <TaskInstance: CSV_TO_DS.SEND_DS_ft_balance_f manual__2022-06-08T10:27:47.100911+00:00 [queued]>
[2022-06-08 10:27:50,419] {taskinstance.py:1356} INFO - 
--------------------------------------------------------------------------------
[2022-06-08 10:27:50,419] {taskinstance.py:1357} INFO - Starting attempt 1 of 2
[2022-06-08 10:27:50,419] {taskinstance.py:1358} INFO - 
--------------------------------------------------------------------------------
[2022-06-08 10:27:50,446] {taskinstance.py:1377} INFO - Executing <Task(PythonOperator): SEND_DS_ft_balance_f> on 2022-06-08 10:27:47.100911+00:00
[2022-06-08 10:27:50,456] {standard_task_runner.py:52} INFO - Started process 3874 to run task
[2022-06-08 10:27:50,459] {standard_task_runner.py:79} INFO - Running: ['***', 'tasks', 'run', 'CSV_TO_DS', 'SEND_DS_ft_balance_f', 'manual__2022-06-08T10:27:47.100911+00:00', '--job-id', '130', '--raw', '--subdir', 'DAGS_FOLDER/csv_to_ds.py', '--cfg-path', '/tmp/tmp5mabvknl', '--error-file', '/tmp/tmpijvgla4g']
[2022-06-08 10:27:50,460] {standard_task_runner.py:80} INFO - Job 130: Subtask SEND_DS_ft_balance_f
[2022-06-08 10:27:50,551] {task_command.py:370} INFO - Running <TaskInstance: CSV_TO_DS.SEND_DS_ft_balance_f manual__2022-06-08T10:27:47.100911+00:00 [running]> on host 33a1fdf44d41
[2022-06-08 10:27:50,637] {taskinstance.py:1571} INFO - Exporting the following env vars:
AIRFLOW_CTX_DAG_OWNER=***
AIRFLOW_CTX_DAG_ID=CSV_TO_DS
AIRFLOW_CTX_TASK_ID=SEND_DS_ft_balance_f
AIRFLOW_CTX_EXECUTION_DATE=2022-06-08T10:27:47.100911+00:00
AIRFLOW_CTX_TRY_NUMBER=1
AIRFLOW_CTX_DAG_RUN_ID=manual__2022-06-08T10:27:47.100911+00:00
[2022-06-08 10:27:50,647] {base.py:68} INFO - Using connection ID 'postgres' for task execution.
[2022-06-08 10:27:50,659] {csv_to_ds.py:82} INFO - Column on_date changed date-time format
[2022-06-08 10:27:50,659] {csv_to_ds.py:89} INFO - Table ft_balance_f read in pandas success.
[2022-06-08 10:27:50,669] {csv_to_ds.py:90} INFO - 
      on_date  account_rk  currency_rk  balance_out
0 2017-12-31    36237725           35     38318.13
1 2017-12-31       24656           35     80533.62
2 2017-12-31    18849846           34     63891.96
3 2017-12-31     1972647           34     87732.10
4 2017-12-31    34157174           34     97806.90
[2022-06-08 10:27:50,704] {csv_to_ds.py:97} INFO - (psycopg2.errors.UniqueViolation) duplicate key value violates unique constraint "ft_balance_f_pkey"
DETAIL:  Key (on_date, account_rk)=(2017-12-31, 36237725) already exists.

[SQL: INSERT INTO ds.ft_balance_f (on_date, account_rk, currency_rk, balance_out) VALUES (%(on_date)s, %(account_rk)s, %(currency_rk)s, %(balance_out)s)]
[parameters: ({'on_date': datetime.datetime(2017, 12, 31, 0, 0), 'account_rk': 36237725, 'currency_rk': 35, 'balance_out': 38318.13}, {'on_date': datetime.datetime(2017, 12, 31, 0, 0), 'account_rk': 24656, 'currency_rk': 35, 'balance_out': 80533.62}, {'on_date': datetime.datetime(2017, 12, 31, 0, 0), 'account_rk': 18849846, 'currency_rk': 34, 'balance_out': 63891.96}, {'on_date': datetime.datetime(2017, 12, 31, 0, 0), 'account_rk': 1972647, 'currency_rk': 34, 'balance_out': 87732.1}, {'on_date': datetime.datetime(2017, 12, 31, 0, 0), 'account_rk': 34157174, 'currency_rk': 34, 'balance_out': 97806.9}, {'on_date': datetime.datetime(2017, 12, 31, 0, 0), 'account_rk': 48829156, 'currency_rk': 34, 'balance_out': 87620.47}, {'on_date': datetime.datetime(2017, 12, 31, 0, 0), 'account_rk': 13905, 'currency_rk': 34, 'balance_out': 29554.0}, {'on_date': datetime.datetime(2017, 12, 31, 0, 0), 'account_rk': 17244, 'currency_rk': 34, 'balance_out': 25852.49}  ... displaying 10 of 112 total bound parameter sets ...  {'on_date': datetime.datetime(2017, 12, 31, 0, 0), 'account_rk': 18007, 'currency_rk': 34, 'balance_out': 58966.57}, {'on_date': datetime.datetime(2017, 12, 31, 0, 0), 'account_rk': 44195, 'currency_rk': 44, 'balance_out': 3818.77})]
(Background on this error at: http://sqlalche.me/e/14/gkpj)
[2022-06-08 10:27:50,705] {taskinstance.py:1889} ERROR - Task failed with exception
Traceback (most recent call last):
  File "/home/airflow/.local/lib/python3.7/site-packages/sqlalchemy/engine/base.py", line 1686, in _execute_context
    cursor, statement, parameters, context
  File "/home/airflow/.local/lib/python3.7/site-packages/sqlalchemy/dialects/postgresql/psycopg2.py", line 909, in do_executemany
    **kwargs
  File "/home/airflow/.local/lib/python3.7/site-packages/psycopg2/extras.py", line 1270, in execute_values
    cur.execute(b''.join(parts))
psycopg2.errors.UniqueViolation: duplicate key value violates unique constraint "ft_balance_f_pkey"
DETAIL:  Key (on_date, account_rk)=(2017-12-31, 36237725) already exists.


The above exception was the direct cause of the following exception:

Traceback (most recent call last):
  File "/opt/airflow/dags/csv_to_ds.py", line 95, in send_csv_to_ds
    df.to_sql(table_name, engine, schema="ds", if_exists="append", index=False)
  File "/home/airflow/.local/lib/python3.7/site-packages/pandas/core/generic.py", line 2882, in to_sql
    method=method,
  File "/home/airflow/.local/lib/python3.7/site-packages/pandas/io/sql.py", line 728, in to_sql
    **engine_kwargs,
  File "/home/airflow/.local/lib/python3.7/site-packages/pandas/io/sql.py", line 1770, in to_sql
    **engine_kwargs,
  File "/home/airflow/.local/lib/python3.7/site-packages/pandas/io/sql.py", line 1350, in insert_records
    raise err
  File "/home/airflow/.local/lib/python3.7/site-packages/pandas/io/sql.py", line 1340, in insert_records
    table.insert(chunksize=chunksize, method=method)
  File "/home/airflow/.local/lib/python3.7/site-packages/pandas/io/sql.py", line 967, in insert
    exec_insert(conn, keys, chunk_iter)
  File "/home/airflow/.local/lib/python3.7/site-packages/pandas/io/sql.py", line 882, in _execute_insert
    conn.execute(self.table.insert(), data)
  File "/home/airflow/.local/lib/python3.7/site-packages/sqlalchemy/engine/base.py", line 1200, in execute
    return meth(self, multiparams, params, _EMPTY_EXECUTION_OPTS)
  File "/home/airflow/.local/lib/python3.7/site-packages/sqlalchemy/sql/elements.py", line 314, in _execute_on_connection
    self, multiparams, params, execution_options
  File "/home/airflow/.local/lib/python3.7/site-packages/sqlalchemy/engine/base.py", line 1399, in _execute_clauseelement
    cache_hit=cache_hit,
  File "/home/airflow/.local/lib/python3.7/site-packages/sqlalchemy/engine/base.py", line 1749, in _execute_context
    e, statement, parameters, cursor, context
  File "/home/airflow/.local/lib/python3.7/site-packages/sqlalchemy/engine/base.py", line 1930, in _handle_dbapi_exception
    sqlalchemy_exception, with_traceback=exc_info[2], from_=e
  File "/home/airflow/.local/lib/python3.7/site-packages/sqlalchemy/util/compat.py", line 211, in raise_
    raise exception
  File "/home/airflow/.local/lib/python3.7/site-packages/sqlalchemy/engine/base.py", line 1686, in _execute_context
    cursor, statement, parameters, context
  File "/home/airflow/.local/lib/python3.7/site-packages/sqlalchemy/dialects/postgresql/psycopg2.py", line 909, in do_executemany
    **kwargs
  File "/home/airflow/.local/lib/python3.7/site-packages/psycopg2/extras.py", line 1270, in execute_values
    cur.execute(b''.join(parts))
sqlalchemy.exc.IntegrityError: (psycopg2.errors.UniqueViolation) duplicate key value violates unique constraint "ft_balance_f_pkey"
DETAIL:  Key (on_date, account_rk)=(2017-12-31, 36237725) already exists.

[SQL: INSERT INTO ds.ft_balance_f (on_date, account_rk, currency_rk, balance_out) VALUES (%(on_date)s, %(account_rk)s, %(currency_rk)s, %(balance_out)s)]
[parameters: ({'on_date': datetime.datetime(2017, 12, 31, 0, 0), 'account_rk': 36237725, 'currency_rk': 35, 'balance_out': 38318.13}, {'on_date': datetime.datetime(2017, 12, 31, 0, 0), 'account_rk': 24656, 'currency_rk': 35, 'balance_out': 80533.62}, {'on_date': datetime.datetime(2017, 12, 31, 0, 0), 'account_rk': 18849846, 'currency_rk': 34, 'balance_out': 63891.96}, {'on_date': datetime.datetime(2017, 12, 31, 0, 0), 'account_rk': 1972647, 'currency_rk': 34, 'balance_out': 87732.1}, {'on_date': datetime.datetime(2017, 12, 31, 0, 0), 'account_rk': 34157174, 'currency_rk': 34, 'balance_out': 97806.9}, {'on_date': datetime.datetime(2017, 12, 31, 0, 0), 'account_rk': 48829156, 'currency_rk': 34, 'balance_out': 87620.47}, {'on_date': datetime.datetime(2017, 12, 31, 0, 0), 'account_rk': 13905, 'currency_rk': 34, 'balance_out': 29554.0}, {'on_date': datetime.datetime(2017, 12, 31, 0, 0), 'account_rk': 17244, 'currency_rk': 34, 'balance_out': 25852.49}  ... displaying 10 of 112 total bound parameter sets ...  {'on_date': datetime.datetime(2017, 12, 31, 0, 0), 'account_rk': 18007, 'currency_rk': 34, 'balance_out': 58966.57}, {'on_date': datetime.datetime(2017, 12, 31, 0, 0), 'account_rk': 44195, 'currency_rk': 44, 'balance_out': 3818.77})]
(Background on this error at: http://sqlalche.me/e/14/gkpj)

During handling of the above exception, another exception occurred:

Traceback (most recent call last):
  File "/home/airflow/.local/lib/python3.7/site-packages/airflow/operators/python.py", line 171, in execute
    return_value = self.execute_callable()
  File "/home/airflow/.local/lib/python3.7/site-packages/airflow/operators/python.py", line 189, in execute_callable
    return self.python_callable(*self.op_args, **self.op_kwargs)
  File "/opt/airflow/dags/csv_to_ds.py", line 98, in send_csv_to_ds
    condition += e
TypeError: can only concatenate str (not "IntegrityError") to str
[2022-06-08 10:27:50,728] {taskinstance.py:1400} INFO - Marking task as UP_FOR_RETRY. dag_id=CSV_TO_DS, task_id=SEND_DS_ft_balance_f, execution_date=20220608T102747, start_date=20220608T102750, end_date=20220608T102750
[2022-06-08 10:27:50,739] {standard_task_runner.py:97} ERROR - Failed to execute job 130 for task SEND_DS_ft_balance_f (can only concatenate str (not "IntegrityError") to str; 3874)
[2022-06-08 10:27:50,756] {local_task_job.py:156} INFO - Task exited with return code 1
[2022-06-08 10:27:50,884] {local_task_job.py:273} INFO - 0 downstream tasks scheduled from follow-on schedule check
