[2022-07-22 16:10:01,492] {taskinstance.py:1032} INFO - Dependencies all met for <TaskInstance: MIRR_MD_ACCOUNT_D.load_mirror_md_account_d scheduled__2022-07-22T16:05:00+00:00 [queued]>
[2022-07-22 16:10:01,499] {taskinstance.py:1032} INFO - Dependencies all met for <TaskInstance: MIRR_MD_ACCOUNT_D.load_mirror_md_account_d scheduled__2022-07-22T16:05:00+00:00 [queued]>
[2022-07-22 16:10:01,500] {taskinstance.py:1238} INFO - 
--------------------------------------------------------------------------------
[2022-07-22 16:10:01,500] {taskinstance.py:1239} INFO - Starting attempt 1 of 2
[2022-07-22 16:10:01,500] {taskinstance.py:1240} INFO - 
--------------------------------------------------------------------------------
[2022-07-22 16:10:01,508] {taskinstance.py:1259} INFO - Executing <Task(BashOperator): load_mirror_md_account_d> on 2022-07-22 16:05:00+00:00
[2022-07-22 16:10:01,512] {standard_task_runner.py:52} INFO - Started process 1431 to run task
[2022-07-22 16:10:01,514] {standard_task_runner.py:76} INFO - Running: ['***', 'tasks', 'run', 'MIRR_MD_ACCOUNT_D', 'load_mirror_md_account_d', 'scheduled__2022-07-22T16:05:00+00:00', '--job-id', '92', '--raw', '--subdir', 'DAGS_FOLDER/mirror_calc.py', '--cfg-path', '/tmp/tmpuylpazyz', '--error-file', '/tmp/tmpkiwbjd1y']
[2022-07-22 16:10:01,515] {standard_task_runner.py:77} INFO - Job 92: Subtask load_mirror_md_account_d
[2022-07-22 16:10:01,558] {logging_mixin.py:109} INFO - Running <TaskInstance: MIRR_MD_ACCOUNT_D.load_mirror_md_account_d scheduled__2022-07-22T16:05:00+00:00 [running]> on host 156c91590481
[2022-07-22 16:10:01,598] {taskinstance.py:1426} INFO - Exporting the following env vars:
AIRFLOW_CTX_DAG_OWNER=***
AIRFLOW_CTX_DAG_ID=MIRR_MD_ACCOUNT_D
AIRFLOW_CTX_TASK_ID=load_mirror_md_account_d
AIRFLOW_CTX_EXECUTION_DATE=2022-07-22T16:05:00+00:00
AIRFLOW_CTX_DAG_RUN_ID=scheduled__2022-07-22T16:05:00+00:00
[2022-07-22 16:10:01,599] {subprocess.py:62} INFO - Tmp dir root location: 
 /tmp
[2022-07-22 16:10:01,599] {subprocess.py:74} INFO - Running command: ['bash', '-c', 'spark-submit --packages io.delta:delta-core_2.12:1.0.0 --conf "spark.sql.extensions=io.delta.sql.DeltaSparkSessionExtension" --conf "spark.sql.catalog.spark_catalog=org.apache.spark.sql.delta.catalog.DeltaCatalog"  /opt/***/core/test.py']
[2022-07-22 16:10:01,607] {subprocess.py:85} INFO - Output:
[2022-07-22 16:10:02,681] {subprocess.py:89} INFO - :: loading settings :: url = jar:file:/usr/local/spark/assembly/target/scala-2.12/jars/ivy-2.4.0.jar!/org/apache/ivy/core/settings/ivysettings.xml
[2022-07-22 16:10:02,742] {subprocess.py:89} INFO - Ivy Default Cache set to: /home/***/.ivy2/cache
[2022-07-22 16:10:02,742] {subprocess.py:89} INFO - The jars for the packages stored in: /home/***/.ivy2/jars
[2022-07-22 16:10:02,748] {subprocess.py:89} INFO - io.delta#delta-core_2.12 added as a dependency
[2022-07-22 16:10:02,749] {subprocess.py:89} INFO - :: resolving dependencies :: org.apache.spark#spark-submit-parent-a799bb19-f195-4c0d-aa53-440b3f09dde8;1.0
[2022-07-22 16:10:02,749] {subprocess.py:89} INFO - 	confs: [default]
[2022-07-22 16:10:02,838] {subprocess.py:89} INFO - 	found io.delta#delta-core_2.12;1.0.0 in central
[2022-07-22 16:10:02,860] {subprocess.py:89} INFO - 	found org.antlr#antlr4;4.7 in central
[2022-07-22 16:10:02,883] {subprocess.py:89} INFO - 	found org.antlr#antlr4-runtime;4.7 in central
[2022-07-22 16:10:02,907] {subprocess.py:89} INFO - 	found org.antlr#antlr-runtime;3.5.2 in central
[2022-07-22 16:10:02,923] {subprocess.py:89} INFO - 	found org.antlr#ST4;4.0.8 in central
[2022-07-22 16:10:02,939] {subprocess.py:89} INFO - 	found org.abego.treelayout#org.abego.treelayout.core;1.0.3 in central
[2022-07-22 16:10:02,956] {subprocess.py:89} INFO - 	found org.glassfish#javax.json;1.0.4 in central
[2022-07-22 16:10:02,969] {subprocess.py:89} INFO - 	found com.ibm.icu#icu4j;58.2 in central
[2022-07-22 16:10:02,990] {subprocess.py:89} INFO - :: resolution report :: resolve 234ms :: artifacts dl 7ms
[2022-07-22 16:10:02,990] {subprocess.py:89} INFO - 	:: modules in use:
[2022-07-22 16:10:02,991] {subprocess.py:89} INFO - 	com.ibm.icu#icu4j;58.2 from central in [default]
[2022-07-22 16:10:02,991] {subprocess.py:89} INFO - 	io.delta#delta-core_2.12;1.0.0 from central in [default]
[2022-07-22 16:10:02,991] {subprocess.py:89} INFO - 	org.abego.treelayout#org.abego.treelayout.core;1.0.3 from central in [default]
[2022-07-22 16:10:02,991] {subprocess.py:89} INFO - 	org.antlr#ST4;4.0.8 from central in [default]
[2022-07-22 16:10:02,991] {subprocess.py:89} INFO - 	org.antlr#antlr-runtime;3.5.2 from central in [default]
[2022-07-22 16:10:02,991] {subprocess.py:89} INFO - 	org.antlr#antlr4;4.7 from central in [default]
[2022-07-22 16:10:02,991] {subprocess.py:89} INFO - 	org.antlr#antlr4-runtime;4.7 from central in [default]
[2022-07-22 16:10:02,991] {subprocess.py:89} INFO - 	org.glassfish#javax.json;1.0.4 from central in [default]
[2022-07-22 16:10:02,991] {subprocess.py:89} INFO - 	---------------------------------------------------------------------
[2022-07-22 16:10:02,991] {subprocess.py:89} INFO - 	|                  |            modules            ||   artifacts   |
[2022-07-22 16:10:02,991] {subprocess.py:89} INFO - 	|       conf       | number| search|dwnlded|evicted|| number|dwnlded|
[2022-07-22 16:10:02,991] {subprocess.py:89} INFO - 	---------------------------------------------------------------------
[2022-07-22 16:10:02,991] {subprocess.py:89} INFO - 	|      default     |   8   |   0   |   0   |   0   ||   8   |   0   |
[2022-07-22 16:10:02,992] {subprocess.py:89} INFO - 	---------------------------------------------------------------------
[2022-07-22 16:10:02,995] {subprocess.py:89} INFO - :: retrieving :: org.apache.spark#spark-submit-parent-a799bb19-f195-4c0d-aa53-440b3f09dde8
[2022-07-22 16:10:02,995] {subprocess.py:89} INFO - 	confs: [default]
[2022-07-22 16:10:03,003] {subprocess.py:89} INFO - 	0 artifacts copied, 8 already retrieved (0kB/8ms)
[2022-07-22 16:10:03,184] {subprocess.py:89} INFO - 22/07/22 16:10:03 WARN NativeCodeLoader: Unable to load native-hadoop library for your platform... using builtin-java classes where applicable
[2022-07-22 16:10:03,477] {subprocess.py:89} INFO - /usr/local/bin/python3
[2022-07-22 16:10:03,477] {subprocess.py:89} INFO - Traceback (most recent call last):
[2022-07-22 16:10:03,478] {subprocess.py:89} INFO -   File "/opt/***/core/test.py", line 11, in <module>
[2022-07-22 16:10:03,478] {subprocess.py:89} INFO -     from pyspark.sql import SparkSession
[2022-07-22 16:10:03,478] {subprocess.py:89} INFO - ModuleNotFoundError: No module named 'pyspark'
[2022-07-22 16:10:03,484] {subprocess.py:89} INFO - log4j:WARN No appenders could be found for logger (org.apache.spark.util.ShutdownHookManager).
[2022-07-22 16:10:03,484] {subprocess.py:89} INFO - log4j:WARN Please initialize the log4j system properly.
[2022-07-22 16:10:03,485] {subprocess.py:89} INFO - log4j:WARN See http://logging.apache.org/log4j/1.2/faq.html#noconfig for more info.
[2022-07-22 16:10:03,504] {subprocess.py:93} INFO - Command exited with return code 1
[2022-07-22 16:10:03,514] {taskinstance.py:1700} ERROR - Task failed with exception
Traceback (most recent call last):
  File "/home/airflow/.local/lib/python3.7/site-packages/airflow/models/taskinstance.py", line 1329, in _run_raw_task
    self._execute_task_with_callbacks(context)
  File "/home/airflow/.local/lib/python3.7/site-packages/airflow/models/taskinstance.py", line 1455, in _execute_task_with_callbacks
    result = self._execute_task(context, self.task)
  File "/home/airflow/.local/lib/python3.7/site-packages/airflow/models/taskinstance.py", line 1511, in _execute_task
    result = execute_callable(context=context)
  File "/home/airflow/.local/lib/python3.7/site-packages/airflow/operators/bash.py", line 188, in execute
    f'Bash command failed. The command returned a non-zero exit code {result.exit_code}.'
airflow.exceptions.AirflowException: Bash command failed. The command returned a non-zero exit code 1.
[2022-07-22 16:10:03,519] {taskinstance.py:1277} INFO - Marking task as UP_FOR_RETRY. dag_id=MIRR_MD_ACCOUNT_D, task_id=load_mirror_md_account_d, execution_date=20220722T160500, start_date=20220722T161001, end_date=20220722T161003
[2022-07-22 16:10:03,537] {standard_task_runner.py:92} ERROR - Failed to execute job 92 for task load_mirror_md_account_d
Traceback (most recent call last):
  File "/home/airflow/.local/lib/python3.7/site-packages/airflow/task/task_runner/standard_task_runner.py", line 85, in _start_by_fork
    args.func(args, dag=self.dag)
  File "/home/airflow/.local/lib/python3.7/site-packages/airflow/cli/cli_parser.py", line 48, in command
    return func(*args, **kwargs)
  File "/home/airflow/.local/lib/python3.7/site-packages/airflow/utils/cli.py", line 92, in wrapper
    return f(*args, **kwargs)
  File "/home/airflow/.local/lib/python3.7/site-packages/airflow/cli/commands/task_command.py", line 298, in task_run
    _run_task_by_selected_method(args, dag, ti)
  File "/home/airflow/.local/lib/python3.7/site-packages/airflow/cli/commands/task_command.py", line 107, in _run_task_by_selected_method
    _run_raw_task(args, ti)
  File "/home/airflow/.local/lib/python3.7/site-packages/airflow/cli/commands/task_command.py", line 184, in _run_raw_task
    error_file=args.error_file,
  File "/home/airflow/.local/lib/python3.7/site-packages/airflow/utils/session.py", line 70, in wrapper
    return func(*args, session=session, **kwargs)
  File "/home/airflow/.local/lib/python3.7/site-packages/airflow/models/taskinstance.py", line 1329, in _run_raw_task
    self._execute_task_with_callbacks(context)
  File "/home/airflow/.local/lib/python3.7/site-packages/airflow/models/taskinstance.py", line 1455, in _execute_task_with_callbacks
    result = self._execute_task(context, self.task)
  File "/home/airflow/.local/lib/python3.7/site-packages/airflow/models/taskinstance.py", line 1511, in _execute_task
    result = execute_callable(context=context)
  File "/home/airflow/.local/lib/python3.7/site-packages/airflow/operators/bash.py", line 188, in execute
    f'Bash command failed. The command returned a non-zero exit code {result.exit_code}.'
airflow.exceptions.AirflowException: Bash command failed. The command returned a non-zero exit code 1.
[2022-07-22 16:10:03,581] {local_task_job.py:154} INFO - Task exited with return code 1
[2022-07-22 16:10:03,606] {local_task_job.py:264} INFO - 0 downstream tasks scheduled from follow-on schedule check
