[2022-06-08 12:03:06,036] {taskinstance.py:1159} INFO - Dependencies all met for <TaskInstance: CSV_TO_DS.SEND_DS_ft_balance_f manual__2022-06-08T11:57:56.530501+00:00 [queued]>
[2022-06-08 12:03:06,046] {taskinstance.py:1159} INFO - Dependencies all met for <TaskInstance: CSV_TO_DS.SEND_DS_ft_balance_f manual__2022-06-08T11:57:56.530501+00:00 [queued]>
[2022-06-08 12:03:06,046] {taskinstance.py:1356} INFO - 
--------------------------------------------------------------------------------
[2022-06-08 12:03:06,046] {taskinstance.py:1357} INFO - Starting attempt 2 of 2
[2022-06-08 12:03:06,046] {taskinstance.py:1358} INFO - 
--------------------------------------------------------------------------------
[2022-06-08 12:03:06,058] {taskinstance.py:1377} INFO - Executing <Task(PythonOperator): SEND_DS_ft_balance_f> on 2022-06-08 11:57:56.530501+00:00
[2022-06-08 12:03:06,064] {standard_task_runner.py:52} INFO - Started process 8460 to run task
[2022-06-08 12:03:06,067] {standard_task_runner.py:79} INFO - Running: ['***', 'tasks', 'run', 'CSV_TO_DS', 'SEND_DS_ft_balance_f', 'manual__2022-06-08T11:57:56.530501+00:00', '--job-id', '153', '--raw', '--subdir', 'DAGS_FOLDER/csv_to_ds.py', '--cfg-path', '/tmp/tmptc36vnl4', '--error-file', '/tmp/tmpwywe5i46']
[2022-06-08 12:03:06,068] {standard_task_runner.py:80} INFO - Job 153: Subtask SEND_DS_ft_balance_f
[2022-06-08 12:03:06,117] {task_command.py:370} INFO - Running <TaskInstance: CSV_TO_DS.SEND_DS_ft_balance_f manual__2022-06-08T11:57:56.530501+00:00 [running]> on host 33a1fdf44d41
[2022-06-08 12:03:06,181] {taskinstance.py:1571} INFO - Exporting the following env vars:
AIRFLOW_CTX_DAG_OWNER=***
AIRFLOW_CTX_DAG_ID=CSV_TO_DS
AIRFLOW_CTX_TASK_ID=SEND_DS_ft_balance_f
AIRFLOW_CTX_EXECUTION_DATE=2022-06-08T11:57:56.530501+00:00
AIRFLOW_CTX_TRY_NUMBER=2
AIRFLOW_CTX_DAG_RUN_ID=manual__2022-06-08T11:57:56.530501+00:00
[2022-06-08 12:03:06,189] {base.py:68} INFO - Using connection ID 'postgres' for task execution.
[2022-06-08 12:03:06,198] {csv_to_ds.py:84} INFO - Column on_date changed date-time format
[2022-06-08 12:03:06,198] {csv_to_ds.py:91} INFO - Table ft_balance_f read in pandas success.
[2022-06-08 12:03:06,205] {csv_to_ds.py:92} INFO - 
      on_date  account_rk  currency_rk  balance_out
0 2017-12-31    36237725           35     38318.13
1 2017-12-31       24656           35     80533.62
2 2017-12-31    18849846           34     63891.96
3 2017-12-31     1972647           34     87732.10
4 2017-12-31    34157174           34     97806.90
[2022-06-08 12:03:06,218] {csv_to_ds.py:104} INFO - (psycopg2.errors.UniqueViolation) duplicate key value violates unique constraint "ft_balance_f_pkey"
DETAIL:  Key (on_date, account_rk)=(2017-12-31, 36237725) already exists.

[SQL: INSERT INTO ds.ft_balance_f (on_date, account_rk, currency_rk, balance_out) VALUES (%(on_date)s, %(account_rk)s, %(currency_rk)s, %(balance_out)s)]
[parameters: ({'on_date': datetime.datetime(2017, 12, 31, 0, 0), 'account_rk': 36237725, 'currency_rk': 35, 'balance_out': 38318.13}, {'on_date': datetime.datetime(2017, 12, 31, 0, 0), 'account_rk': 24656, 'currency_rk': 35, 'balance_out': 80533.62}, {'on_date': datetime.datetime(2017, 12, 31, 0, 0), 'account_rk': 18849846, 'currency_rk': 34, 'balance_out': 63891.96}, {'on_date': datetime.datetime(2017, 12, 31, 0, 0), 'account_rk': 1972647, 'currency_rk': 34, 'balance_out': 87732.1}, {'on_date': datetime.datetime(2017, 12, 31, 0, 0), 'account_rk': 34157174, 'currency_rk': 34, 'balance_out': 97806.9}, {'on_date': datetime.datetime(2017, 12, 31, 0, 0), 'account_rk': 48829156, 'currency_rk': 34, 'balance_out': 87620.47}, {'on_date': datetime.datetime(2017, 12, 31, 0, 0), 'account_rk': 13905, 'currency_rk': 34, 'balance_out': 29554.0}, {'on_date': datetime.datetime(2017, 12, 31, 0, 0), 'account_rk': 17244, 'currency_rk': 34, 'balance_out': 25852.49}  ... displaying 10 of 112 total bound parameter sets ...  {'on_date': datetime.datetime(2017, 12, 31, 0, 0), 'account_rk': 18007, 'currency_rk': 34, 'balance_out': 58966.57}, {'on_date': datetime.datetime(2017, 12, 31, 0, 0), 'account_rk': 44195, 'currency_rk': 44, 'balance_out': 3818.77})]
(Background on this error at: http://sqlalche.me/e/14/gkpj)
[2022-06-08 12:03:11,227] {taskinstance.py:1889} ERROR - Task failed with exception
Traceback (most recent call last):
  File "/home/airflow/.local/lib/python3.7/site-packages/sqlalchemy/engine/base.py", line 1706, in _execute_context
    cursor, statement, parameters, context
  File "/home/airflow/.local/lib/python3.7/site-packages/sqlalchemy/engine/default.py", line 716, in do_execute
    cursor.execute(statement, parameters)
psycopg2.errors.InvalidTextRepresentation: invalid input syntax for type integer: "ft_balance_f"
LINE 1: ..._start_load, time_end_load, condition) VALUES (1, 'ft_balanc...
                                                             ^


The above exception was the direct cause of the following exception:

Traceback (most recent call last):
  File "/home/airflow/.local/lib/python3.7/site-packages/airflow/operators/python.py", line 171, in execute
    return_value = self.execute_callable()
  File "/home/airflow/.local/lib/python3.7/site-packages/airflow/operators/python.py", line 189, in execute_callable
    return self.python_callable(*self.op_args, **self.op_kwargs)
  File "/opt/airflow/dags/csv_to_ds.py", line 123, in send_csv_to_ds
    conn.execute(ins)
  File "/home/airflow/.local/lib/python3.7/site-packages/sqlalchemy/engine/base.py", line 1200, in execute
    return meth(self, multiparams, params, _EMPTY_EXECUTION_OPTS)
  File "/home/airflow/.local/lib/python3.7/site-packages/sqlalchemy/sql/elements.py", line 314, in _execute_on_connection
    self, multiparams, params, execution_options
  File "/home/airflow/.local/lib/python3.7/site-packages/sqlalchemy/engine/base.py", line 1399, in _execute_clauseelement
    cache_hit=cache_hit,
  File "/home/airflow/.local/lib/python3.7/site-packages/sqlalchemy/engine/base.py", line 1749, in _execute_context
    e, statement, parameters, cursor, context
  File "/home/airflow/.local/lib/python3.7/site-packages/sqlalchemy/engine/base.py", line 1930, in _handle_dbapi_exception
    sqlalchemy_exception, with_traceback=exc_info[2], from_=e
  File "/home/airflow/.local/lib/python3.7/site-packages/sqlalchemy/util/compat.py", line 211, in raise_
    raise exception
  File "/home/airflow/.local/lib/python3.7/site-packages/sqlalchemy/engine/base.py", line 1706, in _execute_context
    cursor, statement, parameters, context
  File "/home/airflow/.local/lib/python3.7/site-packages/sqlalchemy/engine/default.py", line 716, in do_execute
    cursor.execute(statement, parameters)
sqlalchemy.exc.DataError: (psycopg2.errors.InvalidTextRepresentation) invalid input syntax for type integer: "ft_balance_f"
LINE 1: ..._start_load, time_end_load, condition) VALUES (1, 'ft_balanc...
                                                             ^

[SQL: INSERT INTO logs.load_csv_to_ds (id, table_name, csv_path, time_start_load, time_end_load, condition) VALUES (%(id)s, %(table_name)s, %(csv_path)s, %(time_start_load)s, %(time_end_load)s, %(condition)s)]
[parameters: {'id': 1, 'table_name': 'ft_balance_f', 'csv_path': '/opt/airflow/csv/ft_balance_f.csv', 'time_start_load': datetime.datetime(2022, 6, 8, 15, 3, 6, 190329, tzinfo=<DstTzInfo 'Europe/Moscow' MSK+3:00:00 STD>), 'time_end_load': datetime.datetime(2022, 6, 8, 15, 3, 11, 224681, tzinfo=<DstTzInfo 'Europe/Moscow' MSK+3:00:00 STD>), 'condition': 'Table ft_balance_f read in pandas success.(psycopg2.errors.UniqueViolation) duplicate key value violates unique constraint "ft_balance_f_pkey"\nDETAI ... (1470 characters truncated) ... , 12, 31, 0, 0), \'account_rk\': 44195, \'currency_rk\': 44, \'balance_out\': 3818.77})]\n(Background on this error at: http://sqlalche.me/e/14/gkpj)'}]
(Background on this error at: http://sqlalche.me/e/14/9h9h)
[2022-06-08 12:03:11,236] {taskinstance.py:1400} INFO - Marking task as FAILED. dag_id=CSV_TO_DS, task_id=SEND_DS_ft_balance_f, execution_date=20220608T115756, start_date=20220608T120306, end_date=20220608T120311
[2022-06-08 12:03:11,249] {standard_task_runner.py:97} ERROR - Failed to execute job 153 for task SEND_DS_ft_balance_f ((psycopg2.errors.InvalidTextRepresentation) invalid input syntax for type integer: "ft_balance_f"
LINE 1: ..._start_load, time_end_load, condition) VALUES (1, 'ft_balanc...
                                                             ^

[SQL: INSERT INTO logs.load_csv_to_ds (id, table_name, csv_path, time_start_load, time_end_load, condition) VALUES (%(id)s, %(table_name)s, %(csv_path)s, %(time_start_load)s, %(time_end_load)s, %(condition)s)]
[parameters: {'id': 1, 'table_name': 'ft_balance_f', 'csv_path': '/opt/airflow/csv/ft_balance_f.csv', 'time_start_load': datetime.datetime(2022, 6, 8, 15, 3, 6, 190329, tzinfo=<DstTzInfo 'Europe/Moscow' MSK+3:00:00 STD>), 'time_end_load': datetime.datetime(2022, 6, 8, 15, 3, 11, 224681, tzinfo=<DstTzInfo 'Europe/Moscow' MSK+3:00:00 STD>), 'condition': 'Table ft_balance_f read in pandas success.(psycopg2.errors.UniqueViolation) duplicate key value violates unique constraint "ft_balance_f_pkey"\nDETAI ... (1470 characters truncated) ... , 12, 31, 0, 0), \'account_rk\': 44195, \'currency_rk\': 44, \'balance_out\': 3818.77})]\n(Background on this error at: http://sqlalche.me/e/14/gkpj)'}]
(Background on this error at: http://sqlalche.me/e/14/9h9h); 8460)
[2022-06-08 12:03:11,264] {local_task_job.py:156} INFO - Task exited with return code 1
[2022-06-08 12:03:11,297] {local_task_job.py:273} INFO - 0 downstream tasks scheduled from follow-on schedule check
