[2022-07-22 16:10:47,103] {taskinstance.py:1032} INFO - Dependencies all met for <TaskInstance: MIRR_MD_ACCOUNT_D.load_mirror_md_account_d manual__2022-07-22T16:10:45.017943+00:00 [queued]>
[2022-07-22 16:10:47,111] {taskinstance.py:1032} INFO - Dependencies all met for <TaskInstance: MIRR_MD_ACCOUNT_D.load_mirror_md_account_d manual__2022-07-22T16:10:45.017943+00:00 [queued]>
[2022-07-22 16:10:47,111] {taskinstance.py:1238} INFO - 
--------------------------------------------------------------------------------
[2022-07-22 16:10:47,111] {taskinstance.py:1239} INFO - Starting attempt 1 of 2
[2022-07-22 16:10:47,111] {taskinstance.py:1240} INFO - 
--------------------------------------------------------------------------------
[2022-07-22 16:10:47,120] {taskinstance.py:1259} INFO - Executing <Task(BashOperator): load_mirror_md_account_d> on 2022-07-22 16:10:45.017943+00:00
[2022-07-22 16:10:47,123] {standard_task_runner.py:52} INFO - Started process 1504 to run task
[2022-07-22 16:10:47,126] {standard_task_runner.py:76} INFO - Running: ['***', 'tasks', 'run', 'MIRR_MD_ACCOUNT_D', 'load_mirror_md_account_d', 'manual__2022-07-22T16:10:45.017943+00:00', '--job-id', '93', '--raw', '--subdir', 'DAGS_FOLDER/mirror_calc.py', '--cfg-path', '/tmp/tmpvc8rbj93', '--error-file', '/tmp/tmp1izly4lg']
[2022-07-22 16:10:47,127] {standard_task_runner.py:77} INFO - Job 93: Subtask load_mirror_md_account_d
[2022-07-22 16:10:47,171] {logging_mixin.py:109} INFO - Running <TaskInstance: MIRR_MD_ACCOUNT_D.load_mirror_md_account_d manual__2022-07-22T16:10:45.017943+00:00 [running]> on host 156c91590481
[2022-07-22 16:10:47,211] {taskinstance.py:1426} INFO - Exporting the following env vars:
AIRFLOW_CTX_DAG_OWNER=***
AIRFLOW_CTX_DAG_ID=MIRR_MD_ACCOUNT_D
AIRFLOW_CTX_TASK_ID=load_mirror_md_account_d
AIRFLOW_CTX_EXECUTION_DATE=2022-07-22T16:10:45.017943+00:00
AIRFLOW_CTX_DAG_RUN_ID=manual__2022-07-22T16:10:45.017943+00:00
[2022-07-22 16:10:47,212] {subprocess.py:62} INFO - Tmp dir root location: 
 /tmp
[2022-07-22 16:10:47,212] {subprocess.py:74} INFO - Running command: ['bash', '-c', 'spark-submit --packages io.delta:delta-core_2.12:1.0.0 --conf "spark.sql.extensions=io.delta.sql.DeltaSparkSessionExtension" --conf "spark.sql.catalog.spark_catalog=org.apache.spark.sql.delta.catalog.DeltaCatalog"  /opt/***/core/test.py']
[2022-07-22 16:10:47,220] {subprocess.py:85} INFO - Output:
[2022-07-22 16:10:48,399] {subprocess.py:89} INFO - :: loading settings :: url = jar:file:/usr/local/spark/assembly/target/scala-2.12/jars/ivy-2.4.0.jar!/org/apache/ivy/core/settings/ivysettings.xml
[2022-07-22 16:10:48,468] {subprocess.py:89} INFO - Ivy Default Cache set to: /home/***/.ivy2/cache
[2022-07-22 16:10:48,469] {subprocess.py:89} INFO - The jars for the packages stored in: /home/***/.ivy2/jars
[2022-07-22 16:10:48,475] {subprocess.py:89} INFO - io.delta#delta-core_2.12 added as a dependency
[2022-07-22 16:10:48,477] {subprocess.py:89} INFO - :: resolving dependencies :: org.apache.spark#spark-submit-parent-61de3c2a-7ca1-404f-9884-09a9423054ae;1.0
[2022-07-22 16:10:48,478] {subprocess.py:89} INFO - 	confs: [default]
[2022-07-22 16:10:48,579] {subprocess.py:89} INFO - 	found io.delta#delta-core_2.12;1.0.0 in central
[2022-07-22 16:10:48,604] {subprocess.py:89} INFO - 	found org.antlr#antlr4;4.7 in central
[2022-07-22 16:10:48,625] {subprocess.py:89} INFO - 	found org.antlr#antlr4-runtime;4.7 in central
[2022-07-22 16:10:48,644] {subprocess.py:89} INFO - 	found org.antlr#antlr-runtime;3.5.2 in central
[2022-07-22 16:10:48,658] {subprocess.py:89} INFO - 	found org.antlr#ST4;4.0.8 in central
[2022-07-22 16:10:48,673] {subprocess.py:89} INFO - 	found org.abego.treelayout#org.abego.treelayout.core;1.0.3 in central
[2022-07-22 16:10:48,710] {subprocess.py:89} INFO - 	found org.glassfish#javax.json;1.0.4 in central
[2022-07-22 16:10:48,742] {subprocess.py:89} INFO - 	found com.ibm.icu#icu4j;58.2 in central
[2022-07-22 16:10:48,773] {subprocess.py:89} INFO - :: resolution report :: resolve 289ms :: artifacts dl 7ms
[2022-07-22 16:10:48,774] {subprocess.py:89} INFO - 	:: modules in use:
[2022-07-22 16:10:48,774] {subprocess.py:89} INFO - 	com.ibm.icu#icu4j;58.2 from central in [default]
[2022-07-22 16:10:48,774] {subprocess.py:89} INFO - 	io.delta#delta-core_2.12;1.0.0 from central in [default]
[2022-07-22 16:10:48,774] {subprocess.py:89} INFO - 	org.abego.treelayout#org.abego.treelayout.core;1.0.3 from central in [default]
[2022-07-22 16:10:48,774] {subprocess.py:89} INFO - 	org.antlr#ST4;4.0.8 from central in [default]
[2022-07-22 16:10:48,774] {subprocess.py:89} INFO - 	org.antlr#antlr-runtime;3.5.2 from central in [default]
[2022-07-22 16:10:48,774] {subprocess.py:89} INFO - 	org.antlr#antlr4;4.7 from central in [default]
[2022-07-22 16:10:48,774] {subprocess.py:89} INFO - 	org.antlr#antlr4-runtime;4.7 from central in [default]
[2022-07-22 16:10:48,774] {subprocess.py:89} INFO - 	org.glassfish#javax.json;1.0.4 from central in [default]
[2022-07-22 16:10:48,775] {subprocess.py:89} INFO - 	---------------------------------------------------------------------
[2022-07-22 16:10:48,775] {subprocess.py:89} INFO - 	|                  |            modules            ||   artifacts   |
[2022-07-22 16:10:48,775] {subprocess.py:89} INFO - 	|       conf       | number| search|dwnlded|evicted|| number|dwnlded|
[2022-07-22 16:10:48,775] {subprocess.py:89} INFO - 	---------------------------------------------------------------------
[2022-07-22 16:10:48,775] {subprocess.py:89} INFO - 	|      default     |   8   |   0   |   0   |   0   ||   8   |   0   |
[2022-07-22 16:10:48,775] {subprocess.py:89} INFO - 	---------------------------------------------------------------------
[2022-07-22 16:10:48,778] {subprocess.py:89} INFO - :: retrieving :: org.apache.spark#spark-submit-parent-61de3c2a-7ca1-404f-9884-09a9423054ae
[2022-07-22 16:10:48,779] {subprocess.py:89} INFO - 	confs: [default]
[2022-07-22 16:10:48,786] {subprocess.py:89} INFO - 	0 artifacts copied, 8 already retrieved (0kB/7ms)
[2022-07-22 16:10:49,002] {subprocess.py:89} INFO - 22/07/22 16:10:49 WARN NativeCodeLoader: Unable to load native-hadoop library for your platform... using builtin-java classes where applicable
[2022-07-22 16:10:49,346] {subprocess.py:89} INFO - /usr/local/bin/python3
[2022-07-22 16:10:49,346] {subprocess.py:89} INFO - Traceback (most recent call last):
[2022-07-22 16:10:49,346] {subprocess.py:89} INFO -   File "/opt/***/core/test.py", line 11, in <module>
[2022-07-22 16:10:49,346] {subprocess.py:89} INFO -     from pyspark.sql import SparkSession
[2022-07-22 16:10:49,346] {subprocess.py:89} INFO - ModuleNotFoundError: No module named 'pyspark'
[2022-07-22 16:10:49,353] {subprocess.py:89} INFO - log4j:WARN No appenders could be found for logger (org.apache.spark.util.ShutdownHookManager).
[2022-07-22 16:10:49,353] {subprocess.py:89} INFO - log4j:WARN Please initialize the log4j system properly.
[2022-07-22 16:10:49,353] {subprocess.py:89} INFO - log4j:WARN See http://logging.apache.org/log4j/1.2/faq.html#noconfig for more info.
[2022-07-22 16:10:49,373] {subprocess.py:93} INFO - Command exited with return code 1
[2022-07-22 16:10:49,383] {taskinstance.py:1700} ERROR - Task failed with exception
Traceback (most recent call last):
  File "/home/airflow/.local/lib/python3.7/site-packages/airflow/models/taskinstance.py", line 1329, in _run_raw_task
    self._execute_task_with_callbacks(context)
  File "/home/airflow/.local/lib/python3.7/site-packages/airflow/models/taskinstance.py", line 1455, in _execute_task_with_callbacks
    result = self._execute_task(context, self.task)
  File "/home/airflow/.local/lib/python3.7/site-packages/airflow/models/taskinstance.py", line 1511, in _execute_task
    result = execute_callable(context=context)
  File "/home/airflow/.local/lib/python3.7/site-packages/airflow/operators/bash.py", line 188, in execute
    f'Bash command failed. The command returned a non-zero exit code {result.exit_code}.'
airflow.exceptions.AirflowException: Bash command failed. The command returned a non-zero exit code 1.
[2022-07-22 16:10:49,388] {taskinstance.py:1277} INFO - Marking task as UP_FOR_RETRY. dag_id=MIRR_MD_ACCOUNT_D, task_id=load_mirror_md_account_d, execution_date=20220722T161045, start_date=20220722T161047, end_date=20220722T161049
[2022-07-22 16:10:49,406] {standard_task_runner.py:92} ERROR - Failed to execute job 93 for task load_mirror_md_account_d
Traceback (most recent call last):
  File "/home/airflow/.local/lib/python3.7/site-packages/airflow/task/task_runner/standard_task_runner.py", line 85, in _start_by_fork
    args.func(args, dag=self.dag)
  File "/home/airflow/.local/lib/python3.7/site-packages/airflow/cli/cli_parser.py", line 48, in command
    return func(*args, **kwargs)
  File "/home/airflow/.local/lib/python3.7/site-packages/airflow/utils/cli.py", line 92, in wrapper
    return f(*args, **kwargs)
  File "/home/airflow/.local/lib/python3.7/site-packages/airflow/cli/commands/task_command.py", line 298, in task_run
    _run_task_by_selected_method(args, dag, ti)
  File "/home/airflow/.local/lib/python3.7/site-packages/airflow/cli/commands/task_command.py", line 107, in _run_task_by_selected_method
    _run_raw_task(args, ti)
  File "/home/airflow/.local/lib/python3.7/site-packages/airflow/cli/commands/task_command.py", line 184, in _run_raw_task
    error_file=args.error_file,
  File "/home/airflow/.local/lib/python3.7/site-packages/airflow/utils/session.py", line 70, in wrapper
    return func(*args, session=session, **kwargs)
  File "/home/airflow/.local/lib/python3.7/site-packages/airflow/models/taskinstance.py", line 1329, in _run_raw_task
    self._execute_task_with_callbacks(context)
  File "/home/airflow/.local/lib/python3.7/site-packages/airflow/models/taskinstance.py", line 1455, in _execute_task_with_callbacks
    result = self._execute_task(context, self.task)
  File "/home/airflow/.local/lib/python3.7/site-packages/airflow/models/taskinstance.py", line 1511, in _execute_task
    result = execute_callable(context=context)
  File "/home/airflow/.local/lib/python3.7/site-packages/airflow/operators/bash.py", line 188, in execute
    f'Bash command failed. The command returned a non-zero exit code {result.exit_code}.'
airflow.exceptions.AirflowException: Bash command failed. The command returned a non-zero exit code 1.
[2022-07-22 16:10:49,441] {local_task_job.py:154} INFO - Task exited with return code 1
[2022-07-22 16:10:49,468] {local_task_job.py:264} INFO - 0 downstream tasks scheduled from follow-on schedule check
